== Info: Host basementcowboy.com:443 was resolved.
== Info: IPv6: (none)
== Info: IPv4: 141.193.213.11, 141.193.213.10
== Info:   Trying 141.193.213.11:443...
== Info: Connected to basementcowboy.com (141.193.213.11) port 443
== Info: schannel: disabled automatic use of client certificate
== Info: using HTTP/1.x
== Info: Server auth using Basic with user 'peter@aupt-industries.com'
=> Send header, 252 bytes (0xfc)
0000: POST /wp-json/wp/v2/posts HTTP/1.1
0024: Host: basementcowboy.com
003e: Authorization: Basic cGV0ZXJAYXVwdC1pbmR1c3RyaWVzLmNvbTphOThpIDN
007e: GSzAgd0hEZSBGZDg0IHhZUkIgTFVzcQ==
00a1: User-Agent: curl/8.6.0
00b9: Accept: */*
00c6: Content-Type: application/json
00e6: Content-Length: 73
00fa: 
=> Send data, 73 bytes (0x49)
0000: {"title":"Test Post","content":"This is a test post.","status":"
0040: publish"}
== Info: schannel: failed to decrypt data, need more data
== Info: schannel: failed to decrypt data, need more data
<= Recv header, 22 bytes (0x16)
0000: HTTP/1.1 201 Created
<= Recv header, 37 bytes (0x25)
0000: Date: Mon, 30 Dec 2024 02:08:07 GMT
<= Recv header, 47 bytes (0x2f)
0000: Content-Type: application/json; charset=UTF-8
<= Recv header, 22 bytes (0x16)
0000: Content-Length: 2810
<= Recv header, 24 bytes (0x18)
0000: Connection: keep-alive
<= Recv header, 105 bytes (0x69)
0000: Access-Control-Allow-Headers: Authorization, X-WP-Nonce, Content
0040: -Disposition, Content-MD5, Content-Type
<= Recv header, 23 bytes (0x17)
0000: X-Robots-Tag: noindex
<= Recv header, 71 bytes (0x47)
0000: Link: <https://basementcowboy.com/wp-json/>; rel="https://api.w.
0040: org/"
<= Recv header, 33 bytes (0x21)
0000: X-Content-Type-Options: nosniff
<= Recv header, 66 bytes (0x42)
0000: Access-Control-Expose-Headers: X-WP-Total, X-WP-TotalPages, Link
<= Recv header, 61 bytes (0x3d)
0000: Location: https://basementcowboy.com/wp-json/wp/v2/posts/20
<= Recv header, 18 bytes (0x12)
0000: Allow: GET, POST
<= Recv header, 40 bytes (0x28)
0000: Expires: Wed, 11 Jan 1984 05:00:00 GMT
<= Recv header, 72 bytes (0x48)
0000: Cache-Control: no-cache, must-revalidate, max-age=0, no-store, p
0040: rivate
<= Recv header, 25 bytes (0x19)
0000: X-Powered-By: WP Engine
<= Recv header, 26 bytes (0x1a)
0000: CF-Cache-Status: DYNAMIC
<= Recv header, 277 bytes (0x115)
0000: Set-Cookie: __cf_bm=zyemBk8CtI0uIrhGAWScf3oZb5WOLuNh3sEk_VDvqWY-
0040: 1735524487-1.0.1.1-mWu2x.KKHtSvVjt3pqApAgQeAVd8_4QYt0N.YNmRl8S7f
0080: phXOj0zmukQmMVA4Lbgz13a2bRQOybR_hJ.qcAzLg; path=/; expires=Mon, 
00c0: 30-Dec-24 02:38:07 GMT; domain=.basementcowboy.com; HttpOnly; Se
0100: cure; SameSite=None
<= Recv header, 20 bytes (0x14)
0000: Server: cloudflare
<= Recv header, 30 bytes (0x1e)
0000: CF-RAY: 8f9e7aeb4f1fe653-DEN
<= Recv header, 30 bytes (0x1e)
0000: alt-svc: h3=":443"; ma=86400
<= Recv header, 2 bytes (0x2)
0000: 
<= Recv data, 1687 bytes (0x697)
0000: {"id":20,"date":"2024-12-30T02:08:07","date_gmt":"2024-12-30T02:
0040: 08:07","guid":{"rendered":"https:\/\/basementcowboy.com\/test-po
0080: st-3\/","raw":"https:\/\/basementcowboy.com\/test-post-3\/"},"mo
00c0: dified":"2024-12-30T02:08:07","modified_gmt":"2024-12-30T02:08:0
0100: 7","password":"","slug":"test-post-3","status":"publish","type":
0140: "post","link":"https:\/\/basementcowboy.com\/test-post-3\/","tit
0180: le":{"raw":"Test Post","rendered":"Test Post"},"content":{"raw":
01c0: "This is a test post.","rendered":"<p>This is a test post.<\/p>\
0200: n","protected":false,"block_version":0},"excerpt":{"raw":"","ren
0240: dered":"<p>This is a test post.<\/p>\n","protected":false},"auth
0280: or":3,"featured_media":0,"comment_status":"open","ping_status":"
02c0: open","sticky":false,"template":"","format":"standard","meta":{"
0300: footnotes":""},"categories":[1],"tags":[],"permalink_template":"
0340: https:\/\/basementcowboy.com\/%postname%\/","generated_slug":"te
0380: st-post-3","class_list":["post-20","post","type-post","status-pu
03c0: blish","format-standard","hentry","category-uncategorized"],"_li
0400: nks":{"self":[{"href":"https:\/\/basementcowboy.com\/wp-json\/wp
0440: \/v2\/posts\/20","targetHints":{"allow":["GET","POST","PUT","PAT
0480: CH","DELETE"]}}],"collection":[{"href":"https:\/\/basementcowboy
04c0: .com\/wp-json\/wp\/v2\/posts"}],"about":[{"href":"https:\/\/base
0500: mentcowboy.com\/wp-json\/wp\/v2\/types\/post"}],"author":[{"embe
0540: ddable":true,"href":"https:\/\/basementcowboy.com\/wp-json\/wp\/
0580: v2\/users\/3"}],"replies":[{"embeddable":true,"href":"https:\/\/
05c0: basementcowboy.com\/wp-json\/wp\/v2\/comments?post=20"}],"versio
0600: n-history":[{"count":0,"href":"https:\/\/basementcowboy.com\/wp-
0640: json\/wp\/v2\/posts\/20\/revisions"}],"wp:attachment":[{"href":"
0680: https:\/\/basementcowbo
<= Recv data, 1123 bytes (0x463)
0000: y.com\/wp-json\/wp\/v2\/media?parent=20"}],"wp:term":[{"taxonomy
0040: ":"category","embeddable":true,"href":"https:\/\/basementcowboy.
0080: com\/wp-json\/wp\/v2\/categories?post=20"},{"taxonomy":"post_tag
00c0: ","embeddable":true,"href":"https:\/\/basementcowboy.com\/wp-jso
0100: n\/wp\/v2\/tags?post=20"}],"wp:action-publish":[{"href":"https:\
0140: /\/basementcowboy.com\/wp-json\/wp\/v2\/posts\/20"}],"wp:action-
0180: unfiltered-html":[{"href":"https:\/\/basementcowboy.com\/wp-json
01c0: \/wp\/v2\/posts\/20"}],"wp:action-sticky":[{"href":"https:\/\/ba
0200: sementcowboy.com\/wp-json\/wp\/v2\/posts\/20"}],"wp:action-assig
0240: n-author":[{"href":"https:\/\/basementcowboy.com\/wp-json\/wp\/v
0280: 2\/posts\/20"}],"wp:action-create-categories":[{"href":"https:\/
02c0: \/basementcowboy.com\/wp-json\/wp\/v2\/posts\/20"}],"wp:action-a
0300: ssign-categories":[{"href":"https:\/\/basementcowboy.com\/wp-jso
0340: n\/wp\/v2\/posts\/20"}],"wp:action-create-tags":[{"href":"https:
0380: \/\/basementcowboy.com\/wp-json\/wp\/v2\/posts\/20"}],"wp:action
03c0: -assign-tags":[{"href":"https:\/\/basementcowboy.com\/wp-json\/w
0400: p\/v2\/posts\/20"}],"curies":[{"name":"wp","href":"https:\/\/api
0440: .w.org\/{rel}","templated":true}]}}
== Info: Connection #0 to host basementcowboy.com left intact
